<?xml version="1.0" encoding="UTF-8"?>
<testsuite name="com.cg.testmaximum.TestMaximum" tests="1" skipped="0" failures="0" errors="0" timestamp="2020-10-15T14:24:47" hostname="LAPTOP-OULI8K5P" time="0.002">
  <properties/>
  <testcase name="maximumTest" classname="com.cg.testmaximum.TestMaximum" time="0.002"/>
  <system-out><![CDATA[]]></system-out>
  <system-err><![CDATA[]]></system-err>
</testsuite>
